
Warning-[DBG_FLAG_DEP] Debug Option is being Deprecated
  The '-fsdb' debug-related option is being deprecated and will no longer be 
  supported in a future release.
  Please recompile using the '-debug_access<+options>' switch and incremental 
  options as required.  Recommended options are '-debug_access' for 
  post-process debug, '-debug_access+classdbg' for testbench debug, and 
  '-debug_access+all' for all debug capabilities.  Refer the VCS user guide 
  for more granular options for debug control under the switch '-debug_access'
  and refer to '-debug_region' for region control.

Command: vcs -full64 -LDFLAGS -Wl,--no-as-needed -sverilog -P /usr/synopsys/verdi_L-2016.06-1/share/PLI/VCS/LINUXAMD64/novas.tab \
/usr/synopsys/verdi_L-2016.06-1/share/PLI/VCS/LINUXAMD64/pli.a -debug_pp +vcs+lic+wait \
-l compile.log -fsdb -f filelist.vc
                         Chronologic VCS (TM)
         Version L-2016.06_Full64 -- Mon Jun  8 15:03:26 2020
               Copyright (c) 1991-2016 by Synopsys Inc.
                         ALL RIGHTS RESERVED

This program is proprietary and confidential information of Synopsys Inc.
and may be used and disclosed only as authorized in a license agreement
controlling such use and disclosure.


Warning-[UFTMD] User function/task multiply defined
  The function/task '$fsdbDumpvars' has multiple definitions in PLI table(s).
  


Warning-[UFTMD] User function/task multiply defined
  The function/task '$fsdbDumpvarsES' has multiple definitions in PLI 
  table(s).
  


Warning-[UFTMD] User function/task multiply defined
  The function/task '$fsdbDumpMDA' has multiple definitions in PLI table(s).
  


Warning-[UFTMD] User function/task multiply defined
  The function/task '$fsdbDumpSVA' has multiple definitions in PLI table(s).
  


Warning-[UFTMD] User function/task multiply defined
  The function/task '$fsdbDumpvarsByFile' has multiple definitions in PLI 
  table(s).
  


Warning-[UFTMD] User function/task multiply defined
  The function/task '$fsdbSuppress' has multiple definitions in PLI table(s).
  


Warning-[UFTMD] User function/task multiply defined
  The function/task '$fsdbDumpon' has multiple definitions in PLI table(s).
  


Warning-[UFTMD] User function/task multiply defined
  The function/task '$fsdbDumpoff' has multiple definitions in PLI table(s).
  


Warning-[UFTMD] User function/task multiply defined
  The function/task '$fsdbSwitchDumpfile' has multiple definitions in PLI 
  table(s).
  


Warning-[UFTMD] User function/task multiply defined
  The function/task '$fsdbDumpfile' has multiple definitions in PLI table(s).
  


Warning-[UFTMD] User function/task multiply defined
  The function/task '$fsdbAutoSwitchDumpfile' has multiple definitions in PLI 
  table(s).
  


Warning-[UFTMD] User function/task multiply defined
  The function/task '$fsdbDumpFinish' has multiple definitions in PLI 
  table(s).
  


Warning-[UFTMD] User function/task multiply defined
  The function/task '$fsdbDumpflush' has multiple definitions in PLI table(s).
  


Warning-[UFTMD] User function/task multiply defined
  The function/task '$fsdbLog' has multiple definitions in PLI table(s).
  


Warning-[UFTMD] User function/task multiply defined
  The function/task '$fsdbAddRuntimeSignal' has multiple definitions in PLI 
  table(s).
  


Warning-[UFTMD] User function/task multiply defined
  The function/task '$fsdbDumpSC' has multiple definitions in PLI table(s).
  


Warning-[UFTMD] User function/task multiply defined
  The function/task '$fsdbDumpvarsToFile' has multiple definitions in PLI 
  table(s).
  


Warning-[UFTMD] User function/task multiply defined
  The function/task '$sps_create_transaction_stream' has multiple definitions 
  in PLI table(s).
  


Warning-[UFTMD] User function/task multiply defined
  The function/task '$sps_begin_transaction' has multiple definitions in PLI 
  table(s).
  


Warning-[UFTMD] User function/task multiply defined
  The function/task '$sps_end_transaction' has multiple definitions in PLI 
  table(s).
  


Warning-[UFTMD] User function/task multiply defined
  The function/task '$sps_free_transaction' has multiple definitions in PLI 
  table(s).
  


Warning-[UFTMD] User function/task multiply defined
  The function/task '$sps_add_attribute' has multiple definitions in PLI 
  table(s).
  


Warning-[UFTMD] User function/task multiply defined
  The function/task '$sps_update_label' has multiple definitions in PLI 
  table(s).
  


Warning-[UFTMD] User function/task multiply defined
  The function/task '$sps_add_relation' has multiple definitions in PLI 
  table(s).
  


Warning-[UFTMD] User function/task multiply defined
  The function/task '$fsdbWhatif' has multiple definitions in PLI table(s).
  


Warning-[UFTMD] User function/task multiply defined
  The function/task '$fsdbDumpClassMethod' has multiple definitions in PLI 
  table(s).
  


Warning-[UFTMD] User function/task multiply defined
  The function/task '$fsdbSuppressClassMethod' has multiple definitions in PLI
  table(s).
  


Warning-[UFTMD] User function/task multiply defined
  The function/task '$fsdbSuppressClassProp' has multiple definitions in PLI 
  table(s).
  


Warning-[UFTMD] User function/task multiply defined
  The function/task '$fsdbDumpMDAByFile' has multiple definitions in PLI 
  table(s).
  


Warning-[UFTMD] User function/task multiply defined
  The function/task '$fsdbTrans_create_stream_begin' has multiple definitions 
  in PLI table(s).
  


Warning-[UFTMD] User function/task multiply defined
  The function/task '$fsdbTrans_define_attribute' has multiple definitions in 
  PLI table(s).
  


Warning-[UFTMD] User function/task multiply defined
  The function/task '$fsdbTrans_create_stream_end' has multiple definitions in
  PLI table(s).
  


Warning-[UFTMD] User function/task multiply defined
  The function/task '$fsdbTrans_begin' has multiple definitions in PLI 
  table(s).
  


Warning-[UFTMD] User function/task multiply defined
  The function/task '$fsdbTrans_set_label' has multiple definitions in PLI 
  table(s).
  


Warning-[UFTMD] User function/task multiply defined
  The function/task '$fsdbTrans_add_attribute' has multiple definitions in PLI
  table(s).
  


Warning-[UFTMD] User function/task multiply defined
  The function/task '$fsdbTrans_add_tag' has multiple definitions in PLI 
  table(s).
  


Warning-[UFTMD] User function/task multiply defined
  The function/task '$fsdbTrans_end' has multiple definitions in PLI table(s).
  


Warning-[UFTMD] User function/task multiply defined
  The function/task '$fsdbTrans_add_relation' has multiple definitions in PLI 
  table(s).
  


Warning-[UFTMD] User function/task multiply defined
  The function/task '$fsdbTrans_get_error_code' has multiple definitions in 
  PLI table(s).
  


Warning-[UFTMD] User function/task multiply defined
  The function/task '$fsdbTrans_add_stream_attribute' has multiple definitions
  in PLI table(s).
  


Warning-[UFTMD] User function/task multiply defined
  The function/task '$fsdbTrans_add_scope_attribute' has multiple definitions 
  in PLI table(s).
  


Warning-[UFTMD] User function/task multiply defined
  The function/task '$sps_interactive' has multiple definitions in PLI 
  table(s).
  


Warning-[UFTMD] User function/task multiply defined
  The function/task '$sps_test' has multiple definitions in PLI table(s).
  


Warning-[UFTMD] User function/task multiply defined
  The function/task '$fsdbDumpClassObject' has multiple definitions in PLI 
  table(s).
  


Warning-[UFTMD] User function/task multiply defined
  The function/task '$fsdbDumpClassObjectByFile' has multiple definitions in 
  PLI table(s).
  


Warning-[UFTMD] User function/task multiply defined
  The function/task '$ridbDump' has multiple definitions in PLI table(s).
  


Warning-[UFTMD] User function/task multiply defined
  The function/task '$sps_flush_file' has multiple definitions in PLI 
  table(s).
  


Warning-[UFTMD] User function/task multiply defined
  The function/task '$fsdbDumpPSL' has multiple definitions in PLI table(s).
  


Warning-[UFTMD] User function/task multiply defined
  The function/task '$fsdbDisplay' has multiple definitions in PLI table(s).
  


Warning-[UFTMD] User function/task multiply defined
  The function/task '$fsdbDumplimit' has multiple definitions in PLI table(s).
  


Warning-[UFTMD] User function/task multiply defined
  The function/task '$fsdbDumpMem' has multiple definitions in PLI table(s).
  


Warning-[UFTMD] User function/task multiply defined
  The function/task '$fsdbDumpMemNow' has multiple definitions in PLI 
  table(s).
  


Warning-[UFTMD] User function/task multiply defined
  The function/task '$fsdbDumpMemInScope' has multiple definitions in PLI 
  table(s).
  


Warning-[UFTMD] User function/task multiply defined
  The function/task '$fsdbDumpMDANow' has multiple definitions in PLI 
  table(s).
  


Warning-[UFTMD] User function/task multiply defined
  The function/task '$fsdbDumpMDAOnChange' has multiple definitions in PLI 
  table(s).
  


Warning-[UFTMD] User function/task multiply defined
  The function/task '$fsdbDumpMDAInScope' has multiple definitions in PLI 
  table(s).
  


Warning-[UFTMD] User function/task multiply defined
  The function/task '$fsdbDumpMemInFile' has multiple definitions in PLI 
  table(s).
  


Warning-[UFTMD] User function/task multiply defined
  The function/task '$fsdbDumpPSLon' has multiple definitions in PLI table(s).
  


Warning-[UFTMD] User function/task multiply defined
  The function/task '$fsdbDumpPSLoff' has multiple definitions in PLI 
  table(s).
  


Warning-[UFTMD] User function/task multiply defined
  The function/task '$fsdbDumpSVAon' has multiple definitions in PLI table(s).
  


Warning-[UFTMD] User function/task multiply defined
  The function/task '$fsdbDumpSVAoff' has multiple definitions in PLI 
  table(s).
  


Warning-[UFTMD] User function/task multiply defined
  The function/task '$fsdbDumpStrength' has multiple definitions in PLI 
  table(s).
  


Warning-[UFTMD] User function/task multiply defined
  The function/task '$fsdbDumpSingle' has multiple definitions in PLI 
  table(s).
  


Warning-[UFTMD] User function/task multiply defined
  The function/task '$fsdbDumpIO' has multiple definitions in PLI table(s).
  


Warning-[UFTMD] User function/task multiply defined
  The function/task '$fsdbDumpPattern' has multiple definitions in PLI 
  table(s).
  


Warning-[UFTMD] User function/task multiply defined
  The function/task '$fsdbSubstituteHier' has multiple definitions in PLI 
  table(s).
  

Parsing design file '/home/ft/tree/v1.1/rtl/define.v'
Parsing design file '/home/ft/tree/v1.1/rtl/led/led_key.v'
Parsing design file '/home/ft/tree/v1.1/rtl/led/led_top.v'
Parsing design file '/home/ft/tree/v1.1/rtl/led/led_key_old.v'
Parsing design file '/home/ft/tree/v1.1/rtl/led/debounce.v'
Parsing design file '/home/ft/tree/v1.1/rtl/sort/sort_define.v'
Parsing design file '/home/ft/tree/v1.1/rtl/sort/quick_sort.v'
Parsing design file '/home/ft/tree/v1.1/rtl/sort/quick_sort2.v'
Parsing design file '/home/ft/tree/v1.1/rtl/sort/quick_sort3.v'
Parsing design file '/home/ft/tree/v1.1/rtl/sort/quick_sort_top.v'
Parsing design file '/home/ft/tree/v1.1/rtl/cpu/ex.v'

Warning-[EPIMD] Empty Port in Module Declaration
  There is empty port specified in module declaration.
  "/home/ft/tree/v1.1/rtl/cpu/ex.v", 5
  Source info: 	  
  ,ex_aluop,ex_we,ex_waddr,ex_wdata,ex_whilo,ex_hi,ex_lo,

Parsing design file '/home/ft/tree/v1.1/rtl/cpu/ex_mem.v'
Parsing design file '/home/ft/tree/v1.1/rtl/cpu/id.v'
Parsing design file '/home/ft/tree/v1.1/rtl/cpu/id_ex.v'
Parsing design file '/home/ft/tree/v1.1/rtl/cpu/wb.v'
Parsing design file '/home/ft/tree/v1.1/rtl/cpu/inst_rom.v'
Parsing design file '/home/ft/tree/v1.1/rtl/cpu/mem.v'
Parsing design file '/home/ft/tree/v1.1/rtl/cpu/openmips_min_sopc.v'
Parsing design file '/home/ft/tree/v1.1/rtl/cpu/openmips.v'
Parsing design file '/home/ft/tree/v1.1/rtl/cpu/pc_reg.v'
Parsing design file '/home/ft/tree/v1.1/rtl/cpu/pc_id.v'
Parsing design file '/home/ft/tree/v1.1/rtl/cpu/regfile.v'
Parsing design file '/home/ft/tree/v1.1/rtl/cpu/hilo.v'
Parsing design file '/home/ft/tree/v1.1/rtl/cpu/ctrl.v'
Parsing design file '/home/ft/tree/v1.1/rtl/cpu/LLbit.v'
Parsing design file '/home/ft/tree/v1.1/rtl/cpu/data_ram.v'
Parsing design file '/home/ft/tree/v1.1/rtl/cpu/cp0_reg.v'
Parsing design file '/home/ft/tree/v1.1/rtl/led_new/led.v'
Parsing design file '/home/ft/tree/v1.1/rtl/led_new/key_top.v'
Parsing design file '/home/ft/tree/v1.1/rtl/led_new/key_anaysis.v'
Parsing design file '/home/ft/tree/v1.1/rtl/led_new/debounce_new.v'
Parsing design file '/home/ft/tree/v1.1/rtl/uart/uart_rx.v'
Parsing design file '/home/ft/tree/v1.1/rtl/uart/uart_tx.v'
Parsing design file '/home/ft/tree/v1.1/rtl/uart/uart_top.v'
Parsing design file '/home/ft/tree/v1.1/rtl/seg/seg0.v'
Parsing design file '/home/ft/tree/v1.1/rtl/seg/seg1.v'
Parsing design file '/home/ft/tree/v1.1/rtl/seg/seg2.v'
Parsing design file '/home/ft/tree/v1.1/rtl/seg/seg3.v'
Parsing design file '/home/ft/tree/v1.1/rtl/seg/seg4.v'
Parsing design file '/home/ft/tree/v1.1/rtl/seg/seg5.v'
Parsing design file '/home/ft/tree/v1.1/rtl/seg/seg_top.v'
Parsing design file '/home/ft/tree/v1.1/rtl/seg/seg_decoder.v'
Parsing design file '/home/ft/tree/v1.1/rtl/buzzer_pwm_test/buzzer_pwm_top.v'
Parsing design file '/home/ft/tree/v1.1/rtl/buzzer_pwm_test/pwm.v'
Parsing design file '/home/ft/tree/v1.1/rtl/buzzer_pwm_test/debounce_for_buzzer.v'
Parsing design file '/home/ft/tree/v1.1/rtl/spi_flash/debounce_for_flash.v'
Parsing design file '/home/ft/tree/v1.1/rtl/spi_flash/seg_for_flash.v'
Parsing design file '/home/ft/tree/v1.1/rtl/spi_flash/flash_ctrl.v'
Parsing design file '/home/ft/tree/v1.1/rtl/spi_flash/spi_flash_test.v'
Parsing design file '/home/ft/tree/v1.1/rtl/spi_flash/spi_master.v'
Parsing design file '/home/ft/tree/v1.1/rtl/M25P16_VG_V12/parameter.v'
Parsing design file '/home/ft/tree/v1.1/rtl/M25P16_VG_V12/acdc_check.v'
Parsing design file '/home/ft/tree/v1.1/rtl/M25P16_VG_V12/internal_logic.v'
Parsing design file '/home/ft/tree/v1.1/rtl/M25P16_VG_V12/M25p16.v'
Parsing design file '/home/ft/tree/v1.1/rtl/M25P16_VG_V12/memory_access.v'
Parsing design file '/home/ft/tree/v1.1/rtl/rtc/ds1302_io.v'
Parsing design file '/home/ft/tree/v1.1/rtl/rtc/ds1302.v'
Parsing design file '/home/ft/tree/v1.1/rtl/rtc/ds1302_test.v'
Parsing design file '/home/ft/tree/v1.1/rtl/rtc/rtc_top.v'
Parsing design file '/home/ft/tree/v1.1/rtl/rtc/seg_for_rtc.v'
Parsing design file '/home/ft/tree/v1.1/rtl/rtc/spi_master_for_rtc.v'
Parsing design file '/home/ft/tree/v1.1/rtl/i2c_eeprom/debounce_for_i2c.v'
Parsing design file '/home/ft/tree/v1.1/rtl/i2c_eeprom/i2c_eeprom_test.v'
Parsing design file '/home/ft/tree/v1.1/rtl/i2c_eeprom/master.v'
Parsing design file '/home/ft/tree/v1.1/rtl/i2c_eeprom/seg_for_i2c.v'
Parsing design file '/home/ft/tree/v1.1/rtl/ram_fifo/ram.v'
Parsing design file '/home/ft/tree/v1.1/rtl/ram_fifo/fifo.v'
Parsing design file '/home/ft/tree/v1.1/rtl/clock/add_anaysis.v'
Parsing design file '/home/ft/tree/v1.1/rtl/clock/clock_top.v'
Parsing design file '/home/ft/tree/v1.1/rtl/clock/clock.v'
Parsing design file '/home/ft/tree/v1.1/rtl/clock/debounce_for_clock.v'
Parsing design file '/home/ft/tree/v1.1/rtl/clock/hour_clock.v'
Parsing design file '/home/ft/tree/v1.1/rtl/clock/min_clock.v'
Parsing design file '/home/ft/tree/v1.1/rtl/clock/mode_anaysis.v'
Parsing design file '/home/ft/tree/v1.1/rtl/clock/second_clock.v'
Parsing design file '/home/ft/tree/v1.1/rtl/clock/seg_for_clock.v'
Parsing design file '/home/ft/tree/v1.1/rtl/clock/time_clock_select.v'
Parsing design file '/home/ft/tree/v1.1/rtl/handshake/hand_rx.v'
Parsing design file '/home/ft/tree/v1.1/rtl/handshake/hand_tx.v'
Parsing design file '/home/ft/tree/v1.1/rtl/handshake/top.v'
Parsing design file '/home/ft/tree/v1.1/rtl/AES/aes_top.v'
Parsing design file '/home/ft/tree/v1.1/rtl/AES/aes.v'
Parsing design file '/home/ft/tree/v1.1/rtl/ahb_sramc/ahb_slave_if.v'
Parsing design file '/home/ft/tree/v1.1/rtl/ahb_sramc/sram_bist.v'
Parsing design file '/home/ft/tree/v1.1/rtl/ahb_sramc/mbist_8kx8.v'
Parsing design file '/home/ft/tree/v1.1/rtl/ahb_sramc/sram.v'
Parsing design file '/home/ft/tree/v1.1/rtl/ahb_sramc/sram_top.v'
Parsing design file '/home/ft/tree/v1.1/rtl/ahb_sramc/sram_core.v'
Parsing design file '/home/ft/tree/v1.1/share/stack_MxN.v'
Parsing design file '/home/ft/tree/v1.1/share/rf1_MxN.v'
Parsing design file '/home/ft/tree/v1.1/sim/led/led_tb.v'
Parsing design file '/home/ft/tree/v1.1/sim/share/share_tb.v'
Parsing design file '/home/ft/tree/v1.1/sim/sort/sort_tb.v'
Parsing design file '/home/ft/tree/v1.1/sim/cp0/cp0_tb.v'
Parsing design file '/home/ft/tree/v1.1/sim/led_new/led_new_tb.v'
Parsing design file '/home/ft/tree/v1.1/sim/uart/uart_test.v'
Parsing design file '/home/ft/tree/v1.1/sim/seg/seg_test.v'
Parsing design file '/home/ft/tree/v1.1/sim/spi_flash/spi_flash_tb.v'
Parsing design file '/home/ft/tree/v1.1/sim/buzzer_pwm/buzzer_pwm_tb.v'
Parsing design file '/home/ft/tree/v1.1/sim/rtc/rtc_tb.v'
Parsing design file '/home/ft/tree/v1.1/sim/i2c_eeprom/i2c_eeprom_tb.v'
Parsing design file '/home/ft/tree/v1.1/sim/ram_fifo/fifo_test.v'
Parsing design file '/home/ft/tree/v1.1/sim/clock/clock_tb.v'
Parsing design file '/home/ft/tree/v1.1/sim/handshake/handshake_tb.v'
Parsing design file '/home/ft/tree/v1.1/sim/AES/aes_test.v'
Parsing design file '/home/ft/tree/v1.1/sim/ahb_sram/sram_tb.v'
Top Level Modules:
       led_key_old
       quick_sort2
       quick_sort3
       aes_top
       led_tb
       share_tb
       sort_tb
       cp0_tb
       led_new_tb
       uart_test
       seg_test
       spi_flash_tb
       buzzer_pwm_tb
       rtc_tb
       i2c_eeprom_tb
       fifo_test
       clock_tb
       handshake_tb
       aes_test
       sram_tb
TimeScale is 1 ns / 1 ns

Warning-[TFIPC] Too few instance port connections
/home/ft/tree/v1.1/rtl/cpu/openmips.v, 307
"ex ex0( .reset_n (reset_n),  .alusel (id_ex_ex_alusel),  .aluop (id_ex_ex_aluop),  .reg1_data (id_ex_ex_data1),  .reg2_data (id_ex_ex_data2),  .id_we (id_ex_ex_we),  .id_waddr (id_ex_ex_waddr),  .ex_we (ex_ex_mem_we),  .ex_waddr (ex_ex_mem_waddr),  .ex_wdata (ex_ex_mem_wdata),  .ex_whilo (ex_ex_mem_whilo),  .ex_hi (ex_ex_mem_hi),  .ex_lo (ex_ex_mem_lo),  .hilo_hi (hilo_hi),  .hilo_lo (hilo_lo),  .mem_whilo (mem_wb_whilo),  .mem_hi (mem_wb_hi),  .mem_lo (mem_wb_lo),  .wb_whilo (wb_hilo_whilo),  .wb_hi (wb_hilo_hi),  .wb_lo (wb_hilo_lo),  .stallreg_from_ex (stallreg_from_ex),  .mem_cnt (mem_cnt),  .mem_hilo_tempt (mem_hilo_tempt),  .mem_minuend (mem_ex_minuend),  .ex_cnt (ex_ex_mem_cnt),  .ex_hilo_tempt (ex_ex_mem_hilo_tempt),  .minuend (ex_ex_mem_minuend ... "
  The above instance has fewer port connections than the module definition.
  Please use '+lint=TFIPC-L' to print out detailed information of unconnected 
  ports.


Warning-[TFIPC] Too few instance port connections
/home/ft/tree/v1.1/rtl/spi_flash/spi_flash_test.v, 127
"flash_ctrl ctrl0( .clk (clk),  .reset_n (reset_n),  .CS (ncs),  .CLK (dclk),  .Q (r_pin),  .D (w_pin),  .rd_req (flash_read_req),  .pp_req (flash_pp_req),  .se_req (flash_se_req),  .flash_ack (flash_ack),  .data_into_flash (data_for_write[7:0]),  .rdata (ready_for_rdata[7:0]),  .rd_addr (read_addr[23:0]),  .wr_addr (write_addr[23:0]),  .se_addr (se_addr[23:0]));"
  The above instance has fewer port connections than the module definition.
  Please use '+lint=TFIPC-L' to print out detailed information of unconnected 
  ports.


Warning-[PCWM-W] Port connection width mismatch
/home/ft/tree/v1.1/rtl/cpu/openmips.v, 511
"cp0_reg cp0( .clk (clk),  .reset_n (reset_n),  .int_i (int_i[4:0]),  .we (wb_cp0_we),  .waddr (wb_cp0_waddr[4:0]),  .wdata (wb_cp0_wdata[31:0]),  .raddr (ex_cp0_raddr[4:0]),  .timer_int_o (timer_int_o),  .data_o (cp0_ex_rdata[31:0]),  .count_o (count_o[31:0]),  .compare_o (compare_o[31:0]),  .status_o (status_o[31:0]),  .cause_o (cause_o[31:0]),  .epc_o (epc_o[31:0]),  .prid_o (prid_o[31:0]),  .config_o (config_o[31:0]));"
  The following 5-bit expression is connected to 6-bit port "int_i" of module 
  "cp0_reg", instance "cp0".
  Expression: int_i[4:0]
  	use +lint=PCWM for more details


Warning-[PCWM-W] Port connection width mismatch
/home/ft/tree/v1.1/rtl/seg/seg_decoder.v, 142
"seg4 seg4( .clk (clk),  .reset_n (reset_n),  .en_from_3 (en3),  .seg4_dig (seg4_dig),  .en4 (en4));"
  The following 4-bit expression is connected to 5-bit port "seg4_dig" of 
  module "seg4", instance "seg4".
  Expression: seg4_dig
  	use +lint=PCWM for more details


Warning-[PCWM-W] Port connection width mismatch
/home/ft/tree/v1.1/rtl/seg/seg_decoder.v, 150
"seg5 seg5( .clk (clk),  .reset_n (reset_n),  .en_from_4 (en4),  .seg5_dig (seg5_dig));"
  The following 4-bit expression is connected to 6-bit port "seg5_dig" of 
  module "seg5", instance "seg5".
  Expression: seg5_dig
  	use +lint=PCWM for more details


Warning-[PCWM-W] Port connection width mismatch
/home/ft/tree/v1.1/rtl/buzzer_pwm_test/buzzer_pwm_top.v, 70
"pwm pwm0( .clk (clk),  .reset_n (reset_n),  .period (period[(N - 1):0]),  .key (key),  .duty (duty[(N - 1):0]),  .pwm_out (pwm));"
  The following 32-bit expression is connected to 9-bit port "period" of 
  module "pwm", instance "pwm0".
  Expression: period[(N - 1):0]
  	use +lint=PCWM for more details


Warning-[PCWM-W] Port connection width mismatch
/home/ft/tree/v1.1/rtl/buzzer_pwm_test/buzzer_pwm_top.v, 70
"pwm pwm0( .clk (clk),  .reset_n (reset_n),  .period (period[(N - 1):0]),  .key (key),  .duty (duty[(N - 1):0]),  .pwm_out (pwm));"
  The following 32-bit expression is connected to 9-bit port "duty" of module 
  "pwm", instance "pwm0".
  Expression: duty[(N - 1):0]
  	use +lint=PCWM for more details


Warning-[IWNF] Implicit wire has no fanin
/home/ft/tree/v1.1/rtl/AES/aes_top.v, 153
  Implicit wire 'core_key_in' does not have any driver, please make sure this 
  is intended.


Warning-[PCWM-W] Port connection width mismatch
/home/ft/tree/v1.1/rtl/AES/aes_top.v, 147
"aes aes0( .clk (clk),  .reset_n (reset_n),  .start (core_trigger),  .mode_in (core_mode[2:0]),  .text_in (core_text_in),  .key_in (core_key_in),  .done (core_done),  .text_out (core_text_out));"
  The following 1-bit expression is connected to 256-bit port "key_in" of 
  module "aes", instance "aes0".
  Expression: core_key_in
  	use +lint=PCWM for more details


Warning-[SIOB] Select index out of bounds
/home/ft/tree/v1.1/rtl/ahb_sramc/ahb_slave_if.v, 83
"haddr[31:0]"
  The select index is out of declared bounds : [15:0].
  In module instance : if0 
  In module : ahb_slave_if.


Warning-[PCWM-W] Port connection width mismatch
/home/ft/tree/v1.1/rtl/ahb_sramc/sram_top.v, 28
"ahb_slave_if if0( .h_clk (h_clk),  .h_reset_n (h_reset_n),  .hsel (hsel),  .haddr (haddr[31:0]),  .hwen (hwen),  .htrans (htrans[1:0]),  .hsize (hsize[2:0]),  .hburst (hburst[2:0]),  .hwdata (hwdata[31:0]),  .hready_in (hready_in),  .hready_out (hready_out),  .hresp (hresp[1:0]),  .ByteEna (ByteEna[3:0]),  .wen (sram_wen),  .addr (sram_addr[13:0]),  .wdata (sram_wdata[31:0]));"
  The following 32-bit expression is connected to 16-bit port "haddr" of 
  module "ahb_slave_if", instance "if0".
  Expression: haddr[31:0]
  	use +lint=PCWM for more details

Notice: Ports coerced to inout, use -notice for details
Starting vcs inline pass...
37 unique modules to generate
37 modules and 0 UDP read. 
	However, due to incremental compilation, only 1 module needs to be compiled. 
recompiling module cp0_tb
All of 1 modules done
rm -f _csrc*.so pre_vcsobj_*.so share_vcsobj_*.so
ld -shared  -o .//../simv.daidir//_csrc0.so objs/amcQw_d.o 
rm -f _csrc0.so
if [ -x ../simv ]; then chmod -x ../simv; fi
g++  -o ../simv   -Wl,-rpath-link=./ -Wl,-rpath='$ORIGIN'/simv.daidir/ -Wl,-rpath=./simv.daidir/ \
-Wl,-rpath='$ORIGIN'/simv.daidir//scsim.db.dir  -Wl,--no-as-needed -rdynamic   amcQwB.o \
_10954_archive_1.so _prev_archive_1.so _csrc0.so  SIM_l.o  _csrc0.so     rmapats_mop.o \
rmapats.o rmar.o  rmar_llvm_0_1.o rmar_llvm_0_0.o          /usr/synopsys/vcs-mx_vL-2016.06/linux64/lib/libzerosoft_rt_stubs.so \
/usr/synopsys/vcs-mx_vL-2016.06/linux64/lib/libvirsim.so /usr/synopsys/vcs-mx_vL-2016.06/linux64/lib/liberrorinf.so \
/usr/synopsys/vcs-mx_vL-2016.06/linux64/lib/libsnpsmalloc.so /usr/synopsys/verdi_L-2016.06-1/share/PLI/VCS/LINUXAMD64/pli.a \
/usr/synopsys/vcs-mx_vL-2016.06/linux64/lib/libvcsnew.so /usr/synopsys/vcs-mx_vL-2016.06/linux64/lib/libsimprofile.so \
/usr/synopsys/vcs-mx_vL-2016.06/linux64/lib/libuclinative.so   -Wl,-whole-archive \
/usr/synopsys/vcs-mx_vL-2016.06/linux64/lib/libvcsucli.so -Wl,-no-whole-archive  \
_vcs_pli_stub_.o   /usr/synopsys/vcs-mx_vL-2016.06/linux64/lib/vcs_save_restore_new.o \
/usr/synopsys/verdi_L-2016.06-1/share/PLI/VCS/LINUX64/pli.a -ldl -lm  -lc -lpthread \
-ldl 
../simv up to date
CPU time: .855 seconds to compile + .233 seconds to elab + .157 seconds to link
