*design* DebussyLib (btIdent Verdi3_L-2016.06-1)
Command arguments:
    +define+verilog
    -sv
    -f filelist.vc
        /home/ft/tree/v1.1/rtl/define.v
        /home/ft/tree/v1.1/rtl/led/led_key.v
        /home/ft/tree/v1.1/rtl/led/led_top.v
        /home/ft/tree/v1.1/rtl/led/led_key_old.v
        /home/ft/tree/v1.1/rtl/led/debounce.v
        /home/ft/tree/v1.1/rtl/sort/sort_define.v
        /home/ft/tree/v1.1/rtl/sort/quick_sort.v
        /home/ft/tree/v1.1/rtl/sort/quick_sort2.v
        /home/ft/tree/v1.1/rtl/sort/quick_sort3.v
        /home/ft/tree/v1.1/rtl/sort/quick_sort_top.v
        /home/ft/tree/v1.1/rtl/led_new/led.v
        /home/ft/tree/v1.1/rtl/led_new/key_top.v
        /home/ft/tree/v1.1/rtl/led_new/key_anaysis.v
        /home/ft/tree/v1.1/rtl/led_new/debounce_new.v
        /home/ft/tree/v1.1/rtl/uart/uart_rx.v
        /home/ft/tree/v1.1/rtl/uart/uart_tx.v
        /home/ft/tree/v1.1/rtl/uart/uart_top.v
        /home/ft/tree/v1.1/rtl/seg/seg0.v
        /home/ft/tree/v1.1/rtl/seg/seg1.v
        /home/ft/tree/v1.1/rtl/seg/seg2.v
        /home/ft/tree/v1.1/rtl/seg/seg3.v
        /home/ft/tree/v1.1/rtl/seg/seg4.v
        /home/ft/tree/v1.1/rtl/seg/seg5.v
        /home/ft/tree/v1.1/rtl/seg/seg_top.v
        /home/ft/tree/v1.1/rtl/seg/seg_decoder.v
        /home/ft/tree/v1.1/rtl/buzzer_pwm_test/buzzer_pwm_top.v
        /home/ft/tree/v1.1/rtl/buzzer_pwm_test/pwm.v
        /home/ft/tree/v1.1/rtl/buzzer_pwm_test/debounce_for_buzzer.v
        /home/ft/tree/v1.1/rtl/spi_flash/debounce_for_flash.v
        /home/ft/tree/v1.1/rtl/spi_flash/seg_for_flash.v
        /home/ft/tree/v1.1/rtl/spi_flash/flash_ctrl.v
        /home/ft/tree/v1.1/rtl/spi_flash/spi_flash_test.v
        /home/ft/tree/v1.1/rtl/spi_flash/spi_master.v
        /home/ft/tree/v1.1/rtl/rtc/ds1302_io.v
        /home/ft/tree/v1.1/rtl/rtc/ds1302.v
        /home/ft/tree/v1.1/rtl/rtc/ds1302_test.v
        /home/ft/tree/v1.1/rtl/rtc/rtc_top.v
        /home/ft/tree/v1.1/rtl/rtc/seg_for_rtc.v
        /home/ft/tree/v1.1/rtl/rtc/spi_master_for_rtc.v
        /home/ft/tree/v1.1/rtl/i2c_eeprom/debounce_for_i2c.v
        /home/ft/tree/v1.1/rtl/i2c_eeprom/slaver.v
        /home/ft/tree/v1.1/rtl/i2c_eeprom/i2c_eeprom_test.v
        /home/ft/tree/v1.1/rtl/i2c_eeprom/i2c_eeprom_top.v
        /home/ft/tree/v1.1/rtl/i2c_eeprom/master.v
        /home/ft/tree/v1.1/rtl/i2c_eeprom/seg_for_i2c.v
        /home/ft/tree/v1.1/rtl/ram_fifo/ram.v
        /home/ft/tree/v1.1/rtl/ram_fifo/fifo.v
        /home/ft/tree/v1.1/rtl/clock/add_anaysis.v
        /home/ft/tree/v1.1/rtl/clock/clock_top.v
        /home/ft/tree/v1.1/rtl/clock/clock.v
        /home/ft/tree/v1.1/rtl/clock/debounce_for_clock.v
        /home/ft/tree/v1.1/rtl/clock/hour_clock.v
        /home/ft/tree/v1.1/rtl/clock/min_clock.v
        /home/ft/tree/v1.1/rtl/clock/mode_anaysis.v
        /home/ft/tree/v1.1/rtl/clock/second_clock.v
        /home/ft/tree/v1.1/rtl/clock/seg_for_clock.v
        /home/ft/tree/v1.1/rtl/clock/time_clock_select.v
        /home/ft/tree/v1.1/share/stack_MxN.v
        /home/ft/tree/v1.1/share/rf1_MxN.v
        /home/ft/tree/v1.1/sim/led/led_tb.v
        /home/ft/tree/v1.1/sim/share/share_tb.v
        /home/ft/tree/v1.1/sim/sort/sort_tb.v
        /home/ft/tree/v1.1/sim/led_new/led_new_tb.v
        /home/ft/tree/v1.1/sim/uart/uart_test.v
        /home/ft/tree/v1.1/sim/seg/seg_test.v
        /home/ft/tree/v1.1/sim/spi_flash/spi_flash_tb.v
        /home/ft/tree/v1.1/sim/buzzer_pwm/buzzer_pwm_tb.v
        /home/ft/tree/v1.1/sim/rtc/rtc_tb.v
        /home/ft/tree/v1.1/sim/i2c_eeprom/i2c_eeprom_tb.v
        /home/ft/tree/v1.1/sim/ram_fifo/fifo_test.v
        /home/ft/tree/v1.1/sim/clock/clock_tb.v

Highest level modules:
led_key_old
quick_sort2
quick_sort3
led_tb
share_tb
sort_tb
led_new_tb
uart_test
seg_test
spi_flash_tb
buzzer_pwm_tb
rtc_tb
i2c_eeprom_tb
fifo_test
clock_tb


*Warning* port sizes differ (5 vs 4) in port connection (port seg4_dig)
"/home/ft/tree/v1.1/rtl/seg/seg_decoder.v", 146: 

*Warning* port sizes differ (6 vs 4) in port connection (port seg5_dig)
"/home/ft/tree/v1.1/rtl/seg/seg_decoder.v", 154: 

*Warning* port sizes differ (16 vs 15) in port connection (port clk_div)
"/home/ft/tree/v1.1/rtl/spi_flash/flash_ctrl.v", 260: 
Total	0 error(s),   3 warning(s)
