*design* DebussyLib (btIdent Verdi3_L-2016.06-1)
Command arguments:
    +define+verilog
    -sv
    -f filelist.vc
        /home/ft/tree/v1.1/rtl/define.v
        /home/ft/tree/v1.1/rtl/led/led_key.v
        /home/ft/tree/v1.1/rtl/led/led_top.v
        /home/ft/tree/v1.1/rtl/led/led_key_old.v
        /home/ft/tree/v1.1/rtl/led/debounce.v
        /home/ft/tree/v1.1/rtl/i2c/i2c.v
        /home/ft/tree/v1.1/rtl/i2c/i2c_top.v
        /home/ft/tree/v1.1/rtl/i2c/eepram.v
        /home/ft/tree/v1.1/rtl/sort/sort_define.v
        /home/ft/tree/v1.1/rtl/sort/quick_sort.v
        /home/ft/tree/v1.1/rtl/sort/quick_sort_top.v
        /home/ft/tree/v1.1/share/stack_MxN.v
        /home/ft/tree/v1.1/share/rf1_MxN.v
        /home/ft/tree/v1.1/sim/led/led_tb.v
        /home/ft/tree/v1.1/sim/i2c/tb.v
        /home/ft/tree/v1.1/sim/share/share_tb.v
        /home/ft/tree/v1.1/sim/sort/sort_tb.v

Highest level modules:
led_key_old
led_tb
tb
share_tb
sort_tb

Total	0 error(s),   0 warning(s)
