
Warning-[DBG_FLAG_DEP] Debug Option is being Deprecated
  The '-fsdb' debug-related option is being deprecated and will no longer be 
  supported in a future release.
  Please recompile using the '-debug_access<+options>' switch and incremental 
  options as required.  Recommended options are '-debug_access' for 
  post-process debug, '-debug_access+classdbg' for testbench debug, and 
  '-debug_access+all' for all debug capabilities.  Refer the VCS user guide 
  for more granular options for debug control under the switch '-debug_access'
  and refer to '-debug_region' for region control.

Command: vcs -full64 -LDFLAGS -Wl,--no-as-needed -sverilog -P /usr/synopsys/verdi_L-2016.06-1/share/PLI/VCS/LINUXAMD64/novas.tab \
/usr/synopsys/verdi_L-2016.06-1/share/PLI/VCS/LINUXAMD64/pli.a -debug_pp +vcs+lic+wait \
-l compile.log -fsdb -f filelist.vc
                         Chronologic VCS (TM)
         Version L-2016.06_Full64 -- Fri Feb 14 21:50:52 2020
               Copyright (c) 1991-2016 by Synopsys Inc.
                         ALL RIGHTS RESERVED

This program is proprietary and confidential information of Synopsys Inc.
and may be used and disclosed only as authorized in a license agreement
controlling such use and disclosure.


Warning-[UFTMD] User function/task multiply defined
  The function/task '$fsdbDumpvars' has multiple definitions in PLI table(s).
  


Warning-[UFTMD] User function/task multiply defined
  The function/task '$fsdbDumpvarsES' has multiple definitions in PLI 
  table(s).
  


Warning-[UFTMD] User function/task multiply defined
  The function/task '$fsdbDumpMDA' has multiple definitions in PLI table(s).
  


Warning-[UFTMD] User function/task multiply defined
  The function/task '$fsdbDumpSVA' has multiple definitions in PLI table(s).
  


Warning-[UFTMD] User function/task multiply defined
  The function/task '$fsdbDumpvarsByFile' has multiple definitions in PLI 
  table(s).
  


Warning-[UFTMD] User function/task multiply defined
  The function/task '$fsdbSuppress' has multiple definitions in PLI table(s).
  


Warning-[UFTMD] User function/task multiply defined
  The function/task '$fsdbDumpon' has multiple definitions in PLI table(s).
  


Warning-[UFTMD] User function/task multiply defined
  The function/task '$fsdbDumpoff' has multiple definitions in PLI table(s).
  


Warning-[UFTMD] User function/task multiply defined
  The function/task '$fsdbSwitchDumpfile' has multiple definitions in PLI 
  table(s).
  


Warning-[UFTMD] User function/task multiply defined
  The function/task '$fsdbDumpfile' has multiple definitions in PLI table(s).
  


Warning-[UFTMD] User function/task multiply defined
  The function/task '$fsdbAutoSwitchDumpfile' has multiple definitions in PLI 
  table(s).
  


Warning-[UFTMD] User function/task multiply defined
  The function/task '$fsdbDumpFinish' has multiple definitions in PLI 
  table(s).
  


Warning-[UFTMD] User function/task multiply defined
  The function/task '$fsdbDumpflush' has multiple definitions in PLI table(s).
  


Warning-[UFTMD] User function/task multiply defined
  The function/task '$fsdbLog' has multiple definitions in PLI table(s).
  


Warning-[UFTMD] User function/task multiply defined
  The function/task '$fsdbAddRuntimeSignal' has multiple definitions in PLI 
  table(s).
  


Warning-[UFTMD] User function/task multiply defined
  The function/task '$fsdbDumpSC' has multiple definitions in PLI table(s).
  


Warning-[UFTMD] User function/task multiply defined
  The function/task '$fsdbDumpvarsToFile' has multiple definitions in PLI 
  table(s).
  


Warning-[UFTMD] User function/task multiply defined
  The function/task '$sps_create_transaction_stream' has multiple definitions 
  in PLI table(s).
  


Warning-[UFTMD] User function/task multiply defined
  The function/task '$sps_begin_transaction' has multiple definitions in PLI 
  table(s).
  


Warning-[UFTMD] User function/task multiply defined
  The function/task '$sps_end_transaction' has multiple definitions in PLI 
  table(s).
  


Warning-[UFTMD] User function/task multiply defined
  The function/task '$sps_free_transaction' has multiple definitions in PLI 
  table(s).
  


Warning-[UFTMD] User function/task multiply defined
  The function/task '$sps_add_attribute' has multiple definitions in PLI 
  table(s).
  


Warning-[UFTMD] User function/task multiply defined
  The function/task '$sps_update_label' has multiple definitions in PLI 
  table(s).
  


Warning-[UFTMD] User function/task multiply defined
  The function/task '$sps_add_relation' has multiple definitions in PLI 
  table(s).
  


Warning-[UFTMD] User function/task multiply defined
  The function/task '$fsdbWhatif' has multiple definitions in PLI table(s).
  


Warning-[UFTMD] User function/task multiply defined
  The function/task '$fsdbDumpClassMethod' has multiple definitions in PLI 
  table(s).
  


Warning-[UFTMD] User function/task multiply defined
  The function/task '$fsdbSuppressClassMethod' has multiple definitions in PLI
  table(s).
  


Warning-[UFTMD] User function/task multiply defined
  The function/task '$fsdbSuppressClassProp' has multiple definitions in PLI 
  table(s).
  


Warning-[UFTMD] User function/task multiply defined
  The function/task '$fsdbDumpMDAByFile' has multiple definitions in PLI 
  table(s).
  


Warning-[UFTMD] User function/task multiply defined
  The function/task '$fsdbTrans_create_stream_begin' has multiple definitions 
  in PLI table(s).
  


Warning-[UFTMD] User function/task multiply defined
  The function/task '$fsdbTrans_define_attribute' has multiple definitions in 
  PLI table(s).
  


Warning-[UFTMD] User function/task multiply defined
  The function/task '$fsdbTrans_create_stream_end' has multiple definitions in
  PLI table(s).
  


Warning-[UFTMD] User function/task multiply defined
  The function/task '$fsdbTrans_begin' has multiple definitions in PLI 
  table(s).
  


Warning-[UFTMD] User function/task multiply defined
  The function/task '$fsdbTrans_set_label' has multiple definitions in PLI 
  table(s).
  


Warning-[UFTMD] User function/task multiply defined
  The function/task '$fsdbTrans_add_attribute' has multiple definitions in PLI
  table(s).
  


Warning-[UFTMD] User function/task multiply defined
  The function/task '$fsdbTrans_add_tag' has multiple definitions in PLI 
  table(s).
  


Warning-[UFTMD] User function/task multiply defined
  The function/task '$fsdbTrans_end' has multiple definitions in PLI table(s).
  


Warning-[UFTMD] User function/task multiply defined
  The function/task '$fsdbTrans_add_relation' has multiple definitions in PLI 
  table(s).
  


Warning-[UFTMD] User function/task multiply defined
  The function/task '$fsdbTrans_get_error_code' has multiple definitions in 
  PLI table(s).
  


Warning-[UFTMD] User function/task multiply defined
  The function/task '$fsdbTrans_add_stream_attribute' has multiple definitions
  in PLI table(s).
  


Warning-[UFTMD] User function/task multiply defined
  The function/task '$fsdbTrans_add_scope_attribute' has multiple definitions 
  in PLI table(s).
  


Warning-[UFTMD] User function/task multiply defined
  The function/task '$sps_interactive' has multiple definitions in PLI 
  table(s).
  


Warning-[UFTMD] User function/task multiply defined
  The function/task '$sps_test' has multiple definitions in PLI table(s).
  


Warning-[UFTMD] User function/task multiply defined
  The function/task '$fsdbDumpClassObject' has multiple definitions in PLI 
  table(s).
  


Warning-[UFTMD] User function/task multiply defined
  The function/task '$fsdbDumpClassObjectByFile' has multiple definitions in 
  PLI table(s).
  


Warning-[UFTMD] User function/task multiply defined
  The function/task '$ridbDump' has multiple definitions in PLI table(s).
  


Warning-[UFTMD] User function/task multiply defined
  The function/task '$sps_flush_file' has multiple definitions in PLI 
  table(s).
  


Warning-[UFTMD] User function/task multiply defined
  The function/task '$fsdbDumpPSL' has multiple definitions in PLI table(s).
  


Warning-[UFTMD] User function/task multiply defined
  The function/task '$fsdbDisplay' has multiple definitions in PLI table(s).
  


Warning-[UFTMD] User function/task multiply defined
  The function/task '$fsdbDumplimit' has multiple definitions in PLI table(s).
  


Warning-[UFTMD] User function/task multiply defined
  The function/task '$fsdbDumpMem' has multiple definitions in PLI table(s).
  


Warning-[UFTMD] User function/task multiply defined
  The function/task '$fsdbDumpMemNow' has multiple definitions in PLI 
  table(s).
  


Warning-[UFTMD] User function/task multiply defined
  The function/task '$fsdbDumpMemInScope' has multiple definitions in PLI 
  table(s).
  


Warning-[UFTMD] User function/task multiply defined
  The function/task '$fsdbDumpMDANow' has multiple definitions in PLI 
  table(s).
  


Warning-[UFTMD] User function/task multiply defined
  The function/task '$fsdbDumpMDAOnChange' has multiple definitions in PLI 
  table(s).
  


Warning-[UFTMD] User function/task multiply defined
  The function/task '$fsdbDumpMDAInScope' has multiple definitions in PLI 
  table(s).
  


Warning-[UFTMD] User function/task multiply defined
  The function/task '$fsdbDumpMemInFile' has multiple definitions in PLI 
  table(s).
  


Warning-[UFTMD] User function/task multiply defined
  The function/task '$fsdbDumpPSLon' has multiple definitions in PLI table(s).
  


Warning-[UFTMD] User function/task multiply defined
  The function/task '$fsdbDumpPSLoff' has multiple definitions in PLI 
  table(s).
  


Warning-[UFTMD] User function/task multiply defined
  The function/task '$fsdbDumpSVAon' has multiple definitions in PLI table(s).
  


Warning-[UFTMD] User function/task multiply defined
  The function/task '$fsdbDumpSVAoff' has multiple definitions in PLI 
  table(s).
  


Warning-[UFTMD] User function/task multiply defined
  The function/task '$fsdbDumpStrength' has multiple definitions in PLI 
  table(s).
  


Warning-[UFTMD] User function/task multiply defined
  The function/task '$fsdbDumpSingle' has multiple definitions in PLI 
  table(s).
  


Warning-[UFTMD] User function/task multiply defined
  The function/task '$fsdbDumpIO' has multiple definitions in PLI table(s).
  


Warning-[UFTMD] User function/task multiply defined
  The function/task '$fsdbDumpPattern' has multiple definitions in PLI 
  table(s).
  


Warning-[UFTMD] User function/task multiply defined
  The function/task '$fsdbSubstituteHier' has multiple definitions in PLI 
  table(s).
  

Parsing design file '/home/ft/tree/v1.1/rtl/define.v'
Parsing design file '/home/ft/tree/v1.1/rtl/led/led_key.v'
Parsing design file '/home/ft/tree/v1.1/rtl/led/led_top.v'
Parsing design file '/home/ft/tree/v1.1/rtl/led/led_key_old.v'
Parsing design file '/home/ft/tree/v1.1/rtl/led/debounce.v'
Parsing design file '/home/ft/tree/v1.1/rtl/i2c/i2c.v'
Parsing design file '/home/ft/tree/v1.1/rtl/i2c/i2c_top.v'
Parsing design file '/home/ft/tree/v1.1/rtl/i2c/eepram.v'
Parsing design file '/home/ft/tree/v1.1/rtl/sort/sort_define.v'
Parsing design file '/home/ft/tree/v1.1/rtl/sort/quick_sort.v'
Parsing design file '/home/ft/tree/v1.1/rtl/sort/quick_sort2.v'
Parsing design file '/home/ft/tree/v1.1/rtl/sort/quick_sort3.v'
Parsing design file '/home/ft/tree/v1.1/rtl/sort/quick_sort_top.v'
Parsing design file '/home/ft/tree/v1.1/share/stack_MxN.v'
Parsing design file '/home/ft/tree/v1.1/share/rf1_MxN.v'
Parsing design file '/home/ft/tree/v1.1/sim/led/led_tb.v'
Parsing design file '/home/ft/tree/v1.1/sim/i2c/tb.v'
Parsing design file '/home/ft/tree/v1.1/sim/share/share_tb.v'
Parsing design file '/home/ft/tree/v1.1/sim/sort/sort_tb.v'
Parsing design file '/home/ft/tree/v1.1/rtl/shift/ex.v'
Parsing design file '/home/ft/tree/v1.1/rtl/shift/wb.v'
Parsing design file '/home/ft/tree/v1.1/rtl/shift/id.v'
Parsing design file '/home/ft/tree/v1.1/rtl/shift/inst_rom.v'
Parsing design file '/home/ft/tree/v1.1/rtl/shift/mem.v'
Parsing design file '/home/ft/tree/v1.1/rtl/shift/openmips_min_sopc.v'
Parsing design file '/home/ft/tree/v1.1/rtl/shift/openmips.v'
Parsing design file '/home/ft/tree/v1.1/rtl/shift/pc_reg.v'
Parsing design file '/home/ft/tree/v1.1/rtl/shift/regfile.v'
Parsing design file '/home/ft/tree/v1.1/rtl/shift/hilo.v'
Parsing design file '/home/ft/tree/v1.1/sim/shift/shift_tb.v'
Top Level Modules:
       led_key_old
       quick_sort2
       quick_sort3
       led_tb
       tb
       share_tb
       sort_tb
       shift_tb
No TimeScale specified

Warning-[SIOB] Select index out of bounds
/home/ft/tree/v1.1/rtl/shift/mem.v, 42
"ex_lo[31:0]"
  The select index is out of declared bounds : [4:0].
  In module instance : mem0 
  In module : mem.


Warning-[PCWM-W] Port connection width mismatch
/home/ft/tree/v1.1/rtl/shift/openmips.v, 151
"mem mem0( .clk (clk),  .reset_n (reset_n),  .ex_we (ex_we),  .ex_waddr (ex_waddr),  .ex_wdata (ex_wdata),  .ex_whilo (ex_whilo),  .ex_hi (ex_hi),  .ex_lo (ex_lo),  .mem_we (mem_we),  .mem_waddr (mem_waddr),  .mem_wdata (mem_wdata),  .mem_whilo (mem_whilo),  .mem_hi (mem_hi),  .mem_lo (mem_lo));"
  The following 32-bit expression is connected to 5-bit port "ex_hi" of module
  "mem", instance "mem0".
  Expression: ex_hi
  	use +lint=PCWM for more details


Warning-[PCWM-W] Port connection width mismatch
/home/ft/tree/v1.1/rtl/shift/openmips.v, 151
"mem mem0( .clk (clk),  .reset_n (reset_n),  .ex_we (ex_we),  .ex_waddr (ex_waddr),  .ex_wdata (ex_wdata),  .ex_whilo (ex_whilo),  .ex_hi (ex_hi),  .ex_lo (ex_lo),  .mem_we (mem_we),  .mem_waddr (mem_waddr),  .mem_wdata (mem_wdata),  .mem_whilo (mem_whilo),  .mem_hi (mem_hi),  .mem_lo (mem_lo));"
  The following 32-bit expression is connected to 5-bit port "ex_lo" of module
  "mem", instance "mem0".
  Expression: ex_lo
  	use +lint=PCWM for more details


Warning-[PCWM-W] Port connection width mismatch
/home/ft/tree/v1.1/rtl/shift/openmips.v, 151
"mem mem0( .clk (clk),  .reset_n (reset_n),  .ex_we (ex_we),  .ex_waddr (ex_waddr),  .ex_wdata (ex_wdata),  .ex_whilo (ex_whilo),  .ex_hi (ex_hi),  .ex_lo (ex_lo),  .mem_we (mem_we),  .mem_waddr (mem_waddr),  .mem_wdata (mem_wdata),  .mem_whilo (mem_whilo),  .mem_hi (mem_hi),  .mem_lo (mem_lo));"
  The following 32-bit expression is connected to 5-bit port "mem_hi" of 
  module "mem", instance "mem0".
  Expression: mem_hi
  	use +lint=PCWM for more details


Warning-[PCWM-W] Port connection width mismatch
/home/ft/tree/v1.1/rtl/shift/openmips.v, 168
"wb wb0( .clk (clk),  .reset_n (reset_n),  .mem_we (mem_we),  .mem_waddr (mem_waddr),  .mem_wdata (mem_wdata),  .mem_whilo (mem_whilo),  .mem_hi (mem_hi),  .mem_lo (mem_lo),  .wb_we (wb_we),  .wb_waddr (wb_waddr),  .wb_wdata (wb_wdata),  .wb_whilo (wb_whilo),  .wb_hi (wb_hi),  .wb_lo (wb_lo));"
  The following 32-bit expression is connected to 5-bit port "mem_hi" of 
  module "wb", instance "wb0".
  Expression: mem_hi
  	use +lint=PCWM for more details


Warning-[PCWM-W] Port connection width mismatch
/home/ft/tree/v1.1/rtl/shift/openmips.v, 168
"wb wb0( .clk (clk),  .reset_n (reset_n),  .mem_we (mem_we),  .mem_waddr (mem_waddr),  .mem_wdata (mem_wdata),  .mem_whilo (mem_whilo),  .mem_hi (mem_hi),  .mem_lo (mem_lo),  .wb_we (wb_we),  .wb_waddr (wb_waddr),  .wb_wdata (wb_wdata),  .wb_whilo (wb_whilo),  .wb_hi (wb_hi),  .wb_lo (wb_lo));"
  The following 32-bit expression is connected to 5-bit port "wb_hi" of module
  "wb", instance "wb0".
  Expression: wb_hi
  	use +lint=PCWM for more details

Starting vcs inline pass...
10 unique modules to generate
10 modules and 0 UDP read. 
	However, due to incremental compilation, only 1 module needs to be compiled. 
recompiling module shift_tb
All of 1 modules done
rm -f _csrc*.so pre_vcsobj_*.so share_vcsobj_*.so
ld -shared  -o .//../simv.daidir//_csrc0.so objs/amcQw_d.o 
rm -f _csrc0.so
if [ -x ../simv ]; then chmod -x ../simv; fi
g++  -o ../simv   -Wl,-rpath-link=./ -Wl,-rpath='$ORIGIN'/simv.daidir/ -Wl,-rpath=./simv.daidir/ \
-Wl,-rpath='$ORIGIN'/simv.daidir//scsim.db.dir  -Wl,--no-as-needed -rdynamic   amcQwB.o \
_8323_archive_1.so _prev_archive_1.so _csrc0.so  SIM_l.o  _csrc0.so     rmapats_mop.o \
rmapats.o rmar.o  rmar_llvm_0_1.o rmar_llvm_0_0.o          /usr/synopsys/vcs-mx_vL-2016.06/linux64/lib/libzerosoft_rt_stubs.so \
/usr/synopsys/vcs-mx_vL-2016.06/linux64/lib/libvirsim.so /usr/synopsys/vcs-mx_vL-2016.06/linux64/lib/liberrorinf.so \
/usr/synopsys/vcs-mx_vL-2016.06/linux64/lib/libsnpsmalloc.so /usr/synopsys/verdi_L-2016.06-1/share/PLI/VCS/LINUXAMD64/pli.a \
/usr/synopsys/vcs-mx_vL-2016.06/linux64/lib/libvcsnew.so /usr/synopsys/vcs-mx_vL-2016.06/linux64/lib/libsimprofile.so \
/usr/synopsys/vcs-mx_vL-2016.06/linux64/lib/libuclinative.so   -Wl,-whole-archive \
/usr/synopsys/vcs-mx_vL-2016.06/linux64/lib/libvcsucli.so -Wl,-no-whole-archive  \
_vcs_pli_stub_.o   /usr/synopsys/vcs-mx_vL-2016.06/linux64/lib/vcs_save_restore_new.o \
/usr/synopsys/verdi_L-2016.06-1/share/PLI/VCS/LINUX64/pli.a -ldl -lm  -lc -lpthread \
-ldl 
../simv up to date
CPU time: .433 seconds to compile + .362 seconds to elab + .226 seconds to link
